<?xml version="1.0" encoding="UTF-8"?>
<!-- Generated by org.testng.reporters.JUnitXMLReporter -->
<testsuite hostname="Sumit-QA" ignored="1" name="Default test" tests="1" failures="0" timestamp="12 Jan 2021 08:24:03 GMT" time="31.724" errors="0">
  <testcase name="IsUserAbleToFillGeneralData" time="6.508" classname="ConvergHub_TestCases.NewLeadAddPageTest"/>
  <testcase name="validateHeaderText" time="0.0" classname="ConvergHub_TestCases.NewLeadAddPageTest">
    <ignored/>
  </testcase> <!-- validateHeaderText -->
</testsuite> <!-- Default test -->
