<?xml version="1.0" encoding="UTF-8"?>
<testng-results skipped="0" failed="0" ignored="1" total="2" passed="1">
  <reporter-output>
  </reporter-output>
  <suite name="Default suite" duration-ms="21828" started-at="2021-01-13T05:25:20Z" finished-at="2021-01-13T05:25:41Z">
    <groups>
    </groups>
    <test name="Default test" duration-ms="21828" started-at="2021-01-13T05:25:20Z" finished-at="2021-01-13T05:25:41Z">
      <class name="ConvergHub_TestCases.NewLeadAddPageTest">
        <test-method status="PASS" signature="setUp()[pri:0, instance:ConvergHub_TestCases.NewLeadAddPageTest@60d8c9b7]" name="setUp" is-config="true" duration-ms="19781" started-at="2021-01-13T05:25:20Z" finished-at="2021-01-13T05:25:39Z">
          <reporter-output>
          </reporter-output>
        </test-method> <!-- setUp -->
        <test-method status="PASS" signature="validateHeaderText()[pri:1, instance:ConvergHub_TestCases.NewLeadAddPageTest@60d8c9b7]" name="validateHeaderText" duration-ms="1116" started-at="2021-01-13T05:25:39Z" finished-at="2021-01-13T05:25:40Z">
          <reporter-output>
          </reporter-output>
        </test-method> <!-- validateHeaderText -->
        <test-method status="PASS" signature="tearDown()[pri:0, instance:ConvergHub_TestCases.NewLeadAddPageTest@60d8c9b7]" name="tearDown" is-config="true" duration-ms="912" started-at="2021-01-13T05:25:40Z" finished-at="2021-01-13T05:25:41Z">
          <reporter-output>
          </reporter-output>
        </test-method> <!-- tearDown -->
      </class> <!-- ConvergHub_TestCases.NewLeadAddPageTest -->
    </test> <!-- Default test -->
  </suite> <!-- Default suite -->
</testng-results>
