<?xml version="1.0" encoding="UTF-8"?>
<testng-results skipped="0" failed="0" ignored="1" total="2" passed="1">
  <reporter-output>
  </reporter-output>
  <suite name="Default suite" duration-ms="26751" started-at="2021-01-12T18:07:33Z" finished-at="2021-01-12T18:07:59Z">
    <groups>
    </groups>
    <test name="Default test" duration-ms="26751" started-at="2021-01-12T18:07:33Z" finished-at="2021-01-12T18:07:59Z">
      <class name="ConvergHub_TestCases.NewLeadAddPageTest">
        <test-method status="PASS" signature="setUp()[pri:0, instance:ConvergHub_TestCases.NewLeadAddPageTest@3967e60c]" name="setUp" is-config="true" duration-ms="21262" started-at="2021-01-12T18:07:33Z" finished-at="2021-01-12T18:07:54Z">
          <reporter-output>
          </reporter-output>
        </test-method> <!-- setUp -->
        <test-method status="PASS" signature="IsUserAbleToFillGeneralData(java.lang.String, java.lang.String, java.lang.String, java.lang.String, java.lang.String, java.lang.String, java.lang.String, java.lang.String, java.lang.String)[pri:2, instance:ConvergHub_TestCases.NewLeadAddPageTest@3967e60c]" name="IsUserAbleToFillGeneralData" duration-ms="4984" started-at="2021-01-12T18:07:54Z" data-provider="getConvergHubTestData" finished-at="2021-01-12T18:07:59Z">
          <params>
            <param index="0">
              <value>
                <![CDATA[Mr.]]>
              </value>
            </param>
            <param index="1">
              <value>
                <![CDATA[Corelynx]]>
              </value>
            </param>
            <param index="2">
              <value>
                <![CDATA[tester]]>
              </value>
            </param>
            <param index="3">
              <value>
                <![CDATA[Technology]]>
              </value>
            </param>
            <param index="4">
              <value>
                <![CDATA[Kolkata, West Bengal, India]]>
              </value>
            </param>
            <param index="5">
              <value>
                <![CDATA[Kolkata]]>
              </value>
            </param>
            <param index="6">
              <value>
                <![CDATA[West Bengal]]>
              </value>
            </param>
            <param index="7">
              <value>
                <![CDATA[India]]>
              </value>
            </param>
            <param index="8">
              <value>
                <![CDATA[Feb]]>
              </value>
            </param>
          </params>
          <reporter-output>
          </reporter-output>
        </test-method> <!-- IsUserAbleToFillGeneralData -->
      </class> <!-- ConvergHub_TestCases.NewLeadAddPageTest -->
    </test> <!-- Default test -->
  </suite> <!-- Default suite -->
</testng-results>
