<?xml version="1.0" encoding="UTF-8"?>
<!-- Generated by org.testng.reporters.JUnitXMLReporter -->
<testsuite hostname="Sumit-QA" ignored="0" name="Converge Hub Create new lead tests" tests="2" failures="0" timestamp="12 Jan 2021 18:41:37 GMT" time="46.871" errors="0">
  <testcase name="validateHeaderText" time="1.08" classname="ConvergHub_TestCases.NewLeadAddPageTest"/>
  <testcase name="IsUserAbleToFillGeneralData" time="4.74" classname="ConvergHub_TestCases.NewLeadAddPageTest"/>
</testsuite> <!-- Converge Hub Create new lead tests -->
